2020-05-17 14:12:06.258 sszserver [main] INFO  com.hello.mobileservice.MobileApplication - The following profiles are active: local
2020-05-17 14:12:08.368 sszserver [main] INFO  o.s.d.r.config.RepositoryConfigurationDelegate - Multiple Spring Data modules found, entering strict repository configuration mode!
2020-05-17 14:12:08.369 sszserver [main] INFO  o.s.d.r.config.RepositoryConfigurationDelegate - Bootstrapping Spring Data JPA repositories in DEFAULT mode.
2020-05-17 14:12:08.425 sszserver [main] INFO  o.s.d.r.config.RepositoryConfigurationDelegate - Finished Spring Data repository scanning in 36ms. Found 0 JPA repository interfaces.
2020-05-17 14:12:08.460 sszserver [main] INFO  o.s.d.r.config.RepositoryConfigurationDelegate - Multiple Spring Data modules found, entering strict repository configuration mode!
2020-05-17 14:12:08.463 sszserver [main] INFO  o.s.d.r.config.RepositoryConfigurationDelegate - Bootstrapping Spring Data Redis repositories in DEFAULT mode.
2020-05-17 14:12:08.494 sszserver [main] INFO  o.s.d.r.config.RepositoryConfigurationDelegate - Finished Spring Data repository scanning in 11ms. Found 0 Redis repository interfaces.
2020-05-17 14:12:08.661 sszserver [main] WARN  o.springframework.boot.actuate.endpoint.EndpointId - Endpoint ID 'service-registry' contains invalid characters, please migrate to a valid format.
2020-05-17 14:12:08.696 sszserver [main] WARN  o.springframework.boot.actuate.endpoint.EndpointId - Endpoint ID 'hystrix.stream' contains invalid characters, please migrate to a valid format.
2020-05-17 14:12:08.903 sszserver [main] INFO  o.springframework.cloud.context.scope.GenericScope - BeanFactory id=4dd3c212-de62-3435-a0cc-5c4a02ff037e
2020-05-17 14:12:09.081 sszserver [main] INFO  o.s.c.s.PostProcessorRegistrationDelegate$BeanPostProcessorChecker - Bean 'com.hello.mobileservice.service.brand.BrandService' of type [org.springframework.cloud.openfeign.FeignClientFactoryBean] is not eligible for getting processed by all BeanPostProcessors (for example: not eligible for auto-proxying)
2020-05-17 14:12:09.083 sszserver [main] INFO  o.s.c.s.PostProcessorRegistrationDelegate$BeanPostProcessorChecker - Bean 'com.hello.mobileservice.service.device.DeviceService' of type [org.springframework.cloud.openfeign.FeignClientFactoryBean] is not eligible for getting processed by all BeanPostProcessors (for example: not eligible for auto-proxying)
2020-05-17 14:12:09.084 sszserver [main] INFO  o.s.c.s.PostProcessorRegistrationDelegate$BeanPostProcessorChecker - Bean 'com.hello.mobileservice.service.region.RegionService' of type [org.springframework.cloud.openfeign.FeignClientFactoryBean] is not eligible for getting processed by all BeanPostProcessors (for example: not eligible for auto-proxying)
2020-05-17 14:12:09.087 sszserver [main] INFO  o.s.c.s.PostProcessorRegistrationDelegate$BeanPostProcessorChecker - Bean 'com.hello.mobileservice.service.saesc.SaeDescService' of type [org.springframework.cloud.openfeign.FeignClientFactoryBean] is not eligible for getting processed by all BeanPostProcessors (for example: not eligible for auto-proxying)
2020-05-17 14:12:09.088 sszserver [main] INFO  o.s.c.s.PostProcessorRegistrationDelegate$BeanPostProcessorChecker - Bean 'com.hello.mobileservice.service.threeLevelWithYear.ThreeLevelWithYearService' of type [org.springframework.cloud.openfeign.FeignClientFactoryBean] is not eligible for getting processed by all BeanPostProcessors (for example: not eligible for auto-proxying)
2020-05-17 14:12:09.090 sszserver [main] INFO  o.s.c.s.PostProcessorRegistrationDelegate$BeanPostProcessorChecker - Bean 'com.hello.mobileservice.service.year.YearService' of type [org.springframework.cloud.openfeign.FeignClientFactoryBean] is not eligible for getting processed by all BeanPostProcessors (for example: not eligible for auto-proxying)
2020-05-17 14:12:09.908 sszserver [main] INFO  o.s.boot.web.embedded.tomcat.TomcatWebServer - Tomcat initialized with port(s): 8089 (http)
2020-05-17 14:12:09.919 sszserver [main] INFO  org.apache.coyote.http11.Http11NioProtocol - Initializing ProtocolHandler ["http-nio-8089"]
2020-05-17 14:12:09.920 sszserver [main] INFO  org.apache.catalina.core.StandardService - Starting service [Tomcat]
2020-05-17 14:12:09.921 sszserver [main] INFO  org.apache.catalina.core.StandardEngine - Starting Servlet engine: [Apache Tomcat/9.0.34]
2020-05-17 14:12:10.011 sszserver [main] INFO  o.a.c.core.ContainerBase.[Tomcat].[localhost].[/] - Initializing Spring embedded WebApplicationContext
2020-05-17 14:12:10.011 sszserver [main] INFO  org.springframework.web.context.ContextLoader - Root WebApplicationContext: initialization completed in 3707 ms
2020-05-17 14:12:10.110 sszserver [main] WARN  com.netflix.config.sources.URLConfigurationSource - No URLs will be polled as dynamic configuration sources.
2020-05-17 14:12:10.110 sszserver [main] INFO  com.netflix.config.sources.URLConfigurationSource - To enable URLs as dynamic configuration sources, define System property archaius.configurationSource.additionalUrls or make config.properties available on classpath.
2020-05-17 14:12:10.119 sszserver [main] INFO  com.netflix.config.DynamicPropertyFactory - DynamicPropertyFactory is initialized with configuration sources: com.netflix.config.ConcurrentCompositeConfiguration@20216016
2020-05-17 14:12:14.732 sszserver [main] INFO  o.s.b.a.endpoint.web.ServletEndpointRegistrar - Registered '/actuator/hystrix.stream' to hystrix.stream-actuator-endpoint
2020-05-17 14:12:15.234 sszserver [main] INFO  org.hibernate.jpa.internal.util.LogHelper - HHH000204: Processing PersistenceUnitInfo [name: default]
2020-05-17 14:12:15.656 sszserver [main] INFO  org.hibernate.Version - HHH000412: Hibernate ORM core version 5.4.15.Final
2020-05-17 14:12:16.520 sszserver [main] INFO  org.hibernate.annotations.common.Version - HCANN000001: Hibernate Commons Annotations {5.1.0.Final}
2020-05-17 14:12:17.379 sszserver [main] INFO  com.hello.adminservice.AdminserviceApplication - The following profiles are active: local
2020-05-17 14:12:17.437 sszserver [main] INFO  com.alibaba.druid.pool.DruidDataSource - {dataSource-1} inited
2020-05-17 14:12:18.698 sszserver [main] INFO  org.hibernate.dialect.Dialect - HHH000400: Using dialect: org.hibernate.dialect.Oracle12cDialect
2020-05-17 14:12:19.840 sszserver [main] WARN  org.hibernate.mapping.RootClass - HHH000038: Composite-id class does not override equals(): com.hello.common.entity.system.LoggingEventException
2020-05-17 14:12:19.841 sszserver [main] WARN  org.hibernate.mapping.RootClass - HHH000039: Composite-id class does not override hashCode(): com.hello.common.entity.system.LoggingEventException
2020-05-17 14:12:21.170 sszserver [main] INFO  o.s.d.r.config.RepositoryConfigurationDelegate - Multiple Spring Data modules found, entering strict repository configuration mode!
2020-05-17 14:12:21.171 sszserver [main] INFO  o.s.d.r.config.RepositoryConfigurationDelegate - Bootstrapping Spring Data JPA repositories in DEFAULT mode.
2020-05-17 14:12:21.512 sszserver [main] INFO  o.s.d.r.config.RepositoryConfigurationDelegate - Finished Spring Data repository scanning in 334ms. Found 22 JPA repository interfaces.
2020-05-17 14:12:21.528 sszserver [main] INFO  o.s.d.r.config.RepositoryConfigurationDelegate - Multiple Spring Data modules found, entering strict repository configuration mode!
2020-05-17 14:12:21.530 sszserver [main] INFO  o.s.d.r.config.RepositoryConfigurationDelegate - Bootstrapping Spring Data Redis repositories in DEFAULT mode.
2020-05-17 14:12:21.555 sszserver [main] INFO  o.s.d.r.c.RepositoryConfigurationExtensionSupport - Spring Data Redis - Could not safely identify store assignment for repository candidate interface com.hello.adminservice.repository.LoggingEventExceptionRepository. If you want this repository to be a Redis repository, consider annotating your entities with one of these annotations: org.springframework.data.redis.core.RedisHash (preferred), or consider extending one of the following types with your repository: org.springframework.data.keyvalue.repository.KeyValueRepository.
2020-05-17 14:12:21.556 sszserver [main] INFO  o.s.d.r.c.RepositoryConfigurationExtensionSupport - Spring Data Redis - Could not safely identify store assignment for repository candidate interface com.hello.adminservice.repository.PermissionRepository. If you want this repository to be a Redis repository, consider annotating your entities with one of these annotations: org.springframework.data.redis.core.RedisHash (preferred), or consider extending one of the following types with your repository: org.springframework.data.keyvalue.repository.KeyValueRepository.
2020-05-17 14:12:21.556 sszserver [main] INFO  o.s.d.r.c.RepositoryConfigurationExtensionSupport - Spring Data Redis - Could not safely identify store assignment for repository candidate interface com.hello.adminservice.repository.RoleRepository. If you want this repository to be a Redis repository, consider annotating your entities with one of these annotations: org.springframework.data.redis.core.RedisHash (preferred), or consider extending one of the following types with your repository: org.springframework.data.keyvalue.repository.KeyValueRepository.
2020-05-17 14:12:21.557 sszserver [main] INFO  o.s.d.r.c.RepositoryConfigurationExtensionSupport - Spring Data Redis - Could not safely identify store assignment for repository candidate interface com.hello.adminservice.repository.SystemLogRepository. If you want this repository to be a Redis repository, consider annotating your entities with one of these annotations: org.springframework.data.redis.core.RedisHash (preferred), or consider extending one of the following types with your repository: org.springframework.data.keyvalue.repository.KeyValueRepository.
2020-05-17 14:12:21.557 sszserver [main] INFO  o.s.d.r.c.RepositoryConfigurationExtensionSupport - Spring Data Redis - Could not safely identify store assignment for repository candidate interface com.hello.adminservice.repository.SystemParamsRepository. If you want this repository to be a Redis repository, consider annotating your entities with one of these annotations: org.springframework.data.redis.core.RedisHash (preferred), or consider extending one of the following types with your repository: org.springframework.data.keyvalue.repository.KeyValueRepository.
2020-05-17 14:12:21.557 sszserver [main] INFO  o.s.d.r.c.RepositoryConfigurationExtensionSupport - Spring Data Redis - Could not safely identify store assignment for repository candidate interface com.hello.adminservice.repository.ThreeLevelWithYearRepository. If you want this repository to be a Redis repository, consider annotating your entities with one of these annotations: org.springframework.data.redis.core.RedisHash (preferred), or consider extending one of the following types with your repository: org.springframework.data.keyvalue.repository.KeyValueRepository.
2020-05-17 14:12:21.557 sszserver [main] INFO  o.s.d.r.c.RepositoryConfigurationExtensionSupport - Spring Data Redis - Could not safely identify store assignment for repository candidate interface com.hello.adminservice.repository.UploadFileRepository. If you want this repository to be a Redis repository, consider annotating your entities with one of these annotations: org.springframework.data.redis.core.RedisHash (preferred), or consider extending one of the following types with your repository: org.springframework.data.keyvalue.repository.KeyValueRepository.
2020-05-17 14:12:21.557 sszserver [main] INFO  o.s.d.r.c.RepositoryConfigurationExtensionSupport - Spring Data Redis - Could not safely identify store assignment for repository candidate interface com.hello.adminservice.repository.UserRepository. If you want this repository to be a Redis repository, consider annotating your entities with one of these annotations: org.springframework.data.redis.core.RedisHash (preferred), or consider extending one of the following types with your repository: org.springframework.data.keyvalue.repository.KeyValueRepository.
2020-05-17 14:12:21.558 sszserver [main] INFO  o.s.d.r.c.RepositoryConfigurationExtensionSupport - Spring Data Redis - Could not safely identify store assignment for repository candidate interface com.hello.adminservice.repository.brand.BrandRepository. If you want this repository to be a Redis repository, consider annotating your entities with one of these annotations: org.springframework.data.redis.core.RedisHash (preferred), or consider extending one of the following types with your repository: org.springframework.data.keyvalue.repository.KeyValueRepository.
2020-05-17 14:12:21.558 sszserver [main] INFO  o.s.d.r.c.RepositoryConfigurationExtensionSupport - Spring Data Redis - Could not safely identify store assignment for repository candidate interface com.hello.adminservice.repository.device.DeviceRepository. If you want this repository to be a Redis repository, consider annotating your entities with one of these annotations: org.springframework.data.redis.core.RedisHash (preferred), or consider extending one of the following types with your repository: org.springframework.data.keyvalue.repository.KeyValueRepository.
2020-05-17 14:12:21.558 sszserver [main] INFO  o.s.d.r.c.RepositoryConfigurationExtensionSupport - Spring Data Redis - Could not safely identify store assignment for repository candidate interface com.hello.adminservice.repository.engine.EngineRepository. If you want this repository to be a Redis repository, consider annotating your entities with one of these annotations: org.springframework.data.redis.core.RedisHash (preferred), or consider extending one of the following types with your repository: org.springframework.data.keyvalue.repository.KeyValueRepository.
2020-05-17 14:12:21.558 sszserver [main] INFO  o.s.d.r.c.RepositoryConfigurationExtensionSupport - Spring Data Redis - Could not safely identify store assignment for repository candidate interface com.hello.adminservice.repository.engine.EngineTypeRepository. If you want this repository to be a Redis repository, consider annotating your entities with one of these annotations: org.springframework.data.redis.core.RedisHash (preferred), or consider extending one of the following types with your repository: org.springframework.data.keyvalue.repository.KeyValueRepository.
2020-05-17 14:12:21.559 sszserver [main] INFO  o.s.d.r.c.RepositoryConfigurationExtensionSupport - Spring Data Redis - Could not safely identify store assignment for repository candidate interface com.hello.adminservice.repository.imgBase.ImgBaseRepository. If you want this repository to be a Redis repository, consider annotating your entities with one of these annotations: org.springframework.data.redis.core.RedisHash (preferred), or consider extending one of the following types with your repository: org.springframework.data.keyvalue.repository.KeyValueRepository.
2020-05-17 14:12:21.559 sszserver [main] INFO  o.s.d.r.c.RepositoryConfigurationExtensionSupport - Spring Data Redis - Could not safely identify store assignment for repository candidate interface com.hello.adminservice.repository.imgBase.ImgMaterialRepository. If you want this repository to be a Redis repository, consider annotating your entities with one of these annotations: org.springframework.data.redis.core.RedisHash (preferred), or consider extending one of the following types with your repository: org.springframework.data.keyvalue.repository.KeyValueRepository.
2020-05-17 14:12:21.559 sszserver [main] INFO  o.s.d.r.c.RepositoryConfigurationExtensionSupport - Spring Data Redis - Could not safely identify store assignment for repository candidate interface com.hello.adminservice.repository.olis.OlisRepository. If you want this repository to be a Redis repository, consider annotating your entities with one of these annotations: org.springframework.data.redis.core.RedisHash (preferred), or consider extending one of the following types with your repository: org.springframework.data.keyvalue.repository.KeyValueRepository.
2020-05-17 14:12:21.559 sszserver [main] INFO  o.s.d.r.c.RepositoryConfigurationExtensionSupport - Spring Data Redis - Could not safely identify store assignment for repository candidate interface com.hello.adminservice.repository.olis.OneLevelCarTypeRepository. If you want this repository to be a Redis repository, consider annotating your entities with one of these annotations: org.springframework.data.redis.core.RedisHash (preferred), or consider extending one of the following types with your repository: org.springframework.data.keyvalue.repository.KeyValueRepository.
2020-05-17 14:12:21.560 sszserver [main] INFO  o.s.d.r.c.RepositoryConfigurationExtensionSupport - Spring Data Redis - Could not safely identify store assignment for repository candidate interface com.hello.adminservice.repository.olis.RegionPrizeManageRepository. If you want this repository to be a Redis repository, consider annotating your entities with one of these annotations: org.springframework.data.redis.core.RedisHash (preferred), or consider extending one of the following types with your repository: org.springframework.data.keyvalue.repository.KeyValueRepository.
2020-05-17 14:12:21.560 sszserver [main] INFO  o.s.d.r.c.RepositoryConfigurationExtensionSupport - Spring Data Redis - Could not safely identify store assignment for repository candidate interface com.hello.adminservice.repository.olis.RegionRepository. If you want this repository to be a Redis repository, consider annotating your entities with one of these annotations: org.springframework.data.redis.core.RedisHash (preferred), or consider extending one of the following types with your repository: org.springframework.data.keyvalue.repository.KeyValueRepository.
2020-05-17 14:12:21.560 sszserver [main] INFO  o.s.d.r.c.RepositoryConfigurationExtensionSupport - Spring Data Redis - Could not safely identify store assignment for repository candidate interface com.hello.adminservice.repository.olis.ThreeLevelCarTypeRepository. If you want this repository to be a Redis repository, consider annotating your entities with one of these annotations: org.springframework.data.redis.core.RedisHash (preferred), or consider extending one of the following types with your repository: org.springframework.data.keyvalue.repository.KeyValueRepository.
2020-05-17 14:12:21.560 sszserver [main] INFO  o.s.d.r.c.RepositoryConfigurationExtensionSupport - Spring Data Redis - Could not safely identify store assignment for repository candidate interface com.hello.adminservice.repository.olis.TwoLevelCarTypeRepository. If you want this repository to be a Redis repository, consider annotating your entities with one of these annotations: org.springframework.data.redis.core.RedisHash (preferred), or consider extending one of the following types with your repository: org.springframework.data.keyvalue.repository.KeyValueRepository.
2020-05-17 14:12:21.561 sszserver [main] INFO  o.s.d.r.c.RepositoryConfigurationExtensionSupport - Spring Data Redis - Could not safely identify store assignment for repository candidate interface com.hello.adminservice.repository.saeDesc.SaeDescRepository. If you want this repository to be a Redis repository, consider annotating your entities with one of these annotations: org.springframework.data.redis.core.RedisHash (preferred), or consider extending one of the following types with your repository: org.springframework.data.keyvalue.repository.KeyValueRepository.
2020-05-17 14:12:21.561 sszserver [main] INFO  o.s.d.r.c.RepositoryConfigurationExtensionSupport - Spring Data Redis - Could not safely identify store assignment for repository candidate interface com.hello.adminservice.repository.year.YearRepository. If you want this repository to be a Redis repository, consider annotating your entities with one of these annotations: org.springframework.data.redis.core.RedisHash (preferred), or consider extending one of the following types with your repository: org.springframework.data.keyvalue.repository.KeyValueRepository.
2020-05-17 14:12:21.561 sszserver [main] INFO  o.s.d.r.config.RepositoryConfigurationDelegate - Finished Spring Data repository scanning in 22ms. Found 0 Redis repository interfaces.
2020-05-17 14:12:21.657 sszserver [main] WARN  o.springframework.boot.actuate.endpoint.EndpointId - Endpoint ID 'service-registry' contains invalid characters, please migrate to a valid format.
2020-05-17 14:12:21.838 sszserver [main] INFO  o.springframework.cloud.context.scope.GenericScope - BeanFactory id=4b62c1d4-64c6-3e3a-9ab3-f0bf616dde30
2020-05-17 14:12:22.355 sszserver [main] INFO  org.eclipse.jetty.util.log - Logging initialized @9317ms to org.eclipse.jetty.util.log.Slf4jLog
2020-05-17 14:12:22.489 sszserver [main] INFO  o.s.b.w.e.jetty.JettyServletWebServerFactory - Server initialized with port: 8081
2020-05-17 14:12:22.492 sszserver [main] INFO  org.eclipse.jetty.server.Server - jetty-9.4.28.v20200408; built: 2020-04-08T17:49:39.557Z; git: ab228fde9e55e9164c738d7fa121f8ac5acd51c9; jvm 1.8.0_181-b13
2020-05-17 14:12:22.507 sszserver [main] INFO  o.e.j.server.handler.ContextHandler.application - Initializing Spring embedded WebApplicationContext
2020-05-17 14:12:22.507 sszserver [main] INFO  org.springframework.web.context.ContextLoader - Root WebApplicationContext: initialization completed in 5059 ms
2020-05-17 14:12:22.685 sszserver [main] WARN  com.netflix.config.sources.URLConfigurationSource - No URLs will be polled as dynamic configuration sources.
2020-05-17 14:12:22.685 sszserver [main] INFO  com.netflix.config.sources.URLConfigurationSource - To enable URLs as dynamic configuration sources, define System property archaius.configurationSource.additionalUrls or make config.properties available on classpath.
2020-05-17 14:12:22.694 sszserver [main] INFO  com.netflix.config.DynamicPropertyFactory - DynamicPropertyFactory is initialized with configuration sources: com.netflix.config.ConcurrentCompositeConfiguration@1c2dd89b
2020-05-17 14:12:25.097 sszserver [main] INFO  org.eclipse.jetty.server.session - DefaultSessionIdManager workerName=node0
2020-05-17 14:12:25.097 sszserver [main] INFO  org.eclipse.jetty.server.session - No SessionScavenger set, using defaults
2020-05-17 14:12:25.099 sszserver [main] INFO  org.eclipse.jetty.server.session - node0 Scavenging every 660000ms
2020-05-17 14:12:25.107 sszserver [main] INFO  org.eclipse.jetty.server.handler.ContextHandler - Started o.s.b.w.e.j.JettyEmbeddedWebAppContext@7c03f9d0{application,/,[file:///C:/Users/Hello_Earth/AppData/Local/Temp/jetty-docbase.6825667800874086348.8081/],AVAILABLE}
2020-05-17 14:12:25.107 sszserver [main] INFO  org.eclipse.jetty.server.Server - Started @12069ms
2020-05-17 14:12:25.213 sszserver [main] INFO  org.hibernate.jpa.internal.util.LogHelper - HHH000204: Processing PersistenceUnitInfo [name: default]
2020-05-17 14:12:25.256 sszserver [main] INFO  org.hibernate.Version - HHH000412: Hibernate ORM core version 5.4.15.Final
2020-05-17 14:12:25.438 sszserver [main] INFO  org.hibernate.annotations.common.Version - HCANN000001: Hibernate Commons Annotations {5.1.0.Final}
2020-05-17 14:12:26.210 sszserver [main] INFO  com.alibaba.druid.pool.DruidDataSource - {dataSource-1} inited
2020-05-17 14:12:26.221 sszserver [main] INFO  org.hibernate.dialect.Dialect - HHH000400: Using dialect: org.hibernate.dialect.Oracle12cDialect
2020-05-17 14:12:26.744 sszserver [main] WARN  org.hibernate.mapping.RootClass - HHH000038: Composite-id class does not override equals(): com.hello.common.entity.system.LoggingEventException
2020-05-17 14:12:26.744 sszserver [main] WARN  org.hibernate.mapping.RootClass - HHH000039: Composite-id class does not override hashCode(): com.hello.common.entity.system.LoggingEventException
2020-05-17 14:12:38.470 sszserver [main] INFO  o.h.e.t.jta.platform.internal.JtaPlatformInitiator - HHH000490: Using JtaPlatform implementation: [org.hibernate.engine.transaction.jta.platform.internal.NoJtaPlatform]
2020-05-17 14:12:38.490 sszserver [main] INFO  o.s.orm.jpa.LocalContainerEntityManagerFactoryBean - Initialized JPA EntityManagerFactory for persistence unit 'default'
2020-05-17 14:12:38.492 sszserver [main] INFO  o.h.e.t.jta.platform.internal.JtaPlatformInitiator - HHH000490: Using JtaPlatform implementation: [org.hibernate.engine.transaction.jta.platform.internal.NoJtaPlatform]
2020-05-17 14:12:38.501 sszserver [main] INFO  o.s.orm.jpa.LocalContainerEntityManagerFactoryBean - Initialized JPA EntityManagerFactory for persistence unit 'default'
2020-05-17 14:12:38.638 sszserver [main] WARN  o.s.b.a.o.j.JpaBaseConfiguration$JpaWebConfiguration - spring.jpa.open-in-view is enabled by default. Therefore, database queries may be performed during view rendering. Explicitly configure spring.jpa.open-in-view to disable this warning
2020-05-17 14:12:39.305 sszserver [main] WARN  com.netflix.config.sources.URLConfigurationSource - No URLs will be polled as dynamic configuration sources.
2020-05-17 14:12:39.305 sszserver [main] INFO  com.netflix.config.sources.URLConfigurationSource - To enable URLs as dynamic configuration sources, define System property archaius.configurationSource.additionalUrls or make config.properties available on classpath.
2020-05-17 14:12:39.482 sszserver [main] INFO  o.s.scheduling.concurrent.ThreadPoolTaskExecutor - Initializing ExecutorService 'applicationTaskExecutor'
2020-05-17 14:12:40.904 sszserver [main] WARN  o.s.c.l.c.BlockingLoadBalancerClientAutoConfiguration$BlockingLoadBalancerClientRibbonWarnLogger - You already have RibbonLoadBalancerClient on your classpath. It will be used by default. As Spring Cloud Ribbon is in maintenance mode. We recommend switching to BlockingLoadBalancerClient instead. In order to use it, set the value of `spring.cloud.loadbalancer.ribbon.enabled` to `false` or remove spring-cloud-starter-netflix-ribbon from your project.
2020-05-17 14:12:40.944 sszserver [main] INFO  o.s.scheduling.concurrent.ThreadPoolTaskScheduler - Initializing ExecutorService 'catalogWatchTaskScheduler'
2020-05-17 14:12:40.985 sszserver [main] INFO  o.s.b.actuate.endpoint.web.EndpointLinksResolver - Exposing 19 endpoint(s) beneath base path '/actuator'
2020-05-17 14:12:41.044 sszserver [main] INFO  org.apache.coyote.http11.Http11NioProtocol - Starting ProtocolHandler ["http-nio-8089"]
2020-05-17 14:12:41.141 sszserver [main] INFO  o.s.boot.web.embedded.tomcat.TomcatWebServer - Tomcat started on port(s): 8089 (http) with context path ''
2020-05-17 14:12:41.153 sszserver [main] INFO  o.s.c.consul.serviceregistry.ConsulServiceRegistry - Registering service with consul: NewService{id='mobileservice-8089', name='mobile-service', tags=[secure=false], address='LAPTOP-LMRC2QMU', meta=null, port=8089, enableTagOverride=null, check=Check{script='null', interval='10s', ttl='null', http='http://LAPTOP-LMRC2QMU:8089/actuator/health', method='null', header={}, tcp='null', timeout='null', deregisterCriticalServiceAfter='null', tlsSkipVerify=null, status='null'}, checks=null}
2020-05-17 14:12:41.744 sszserver [main] WARN  o.s.b.a.o.j.JpaBaseConfiguration$JpaWebConfiguration - spring.jpa.open-in-view is enabled by default. Therefore, database queries may be performed during view rendering. Explicitly configure spring.jpa.open-in-view to disable this warning
2020-05-17 14:12:41.913 sszserver [main] INFO  o.s.b.actuate.endpoint.web.EndpointLinksResolver - Exposing 18 endpoint(s) beneath base path '/actuator'
2020-05-17 14:12:42.012 sszserver [main] INFO  s.d.s.w.PropertySourcedRequestMappingHandlerMapping - Mapped URL path [/v2/api-docs] onto method [springfox.documentation.swagger2.web.Swagger2Controller#getDocumentation(String, HttpServletRequest)]
2020-05-17 14:12:42.028 sszserver [main] WARN  com.netflix.config.sources.URLConfigurationSource - No URLs will be polled as dynamic configuration sources.
2020-05-17 14:12:42.028 sszserver [main] INFO  com.netflix.config.sources.URLConfigurationSource - To enable URLs as dynamic configuration sources, define System property archaius.configurationSource.additionalUrls or make config.properties available on classpath.
2020-05-17 14:12:42.159 sszserver [main] INFO  o.s.scheduling.concurrent.ThreadPoolTaskExecutor - Initializing ExecutorService 'applicationTaskExecutor'
2020-05-17 14:12:42.551 sszserver [main] INFO  o.s.scheduling.concurrent.ThreadPoolTaskScheduler - Initializing ExecutorService 'taskScheduler'
2020-05-17 14:12:43.302 sszserver [main] WARN  o.s.c.l.c.BlockingLoadBalancerClientAutoConfiguration$BlockingLoadBalancerClientRibbonWarnLogger - You already have RibbonLoadBalancerClient on your classpath. It will be used by default. As Spring Cloud Ribbon is in maintenance mode. We recommend switching to BlockingLoadBalancerClient instead. In order to use it, set the value of `spring.cloud.loadbalancer.ribbon.enabled` to `false` or remove spring-cloud-starter-netflix-ribbon from your project.
2020-05-17 14:12:43.332 sszserver [main] INFO  o.s.scheduling.concurrent.ThreadPoolTaskScheduler - Initializing ExecutorService 'catalogWatchTaskScheduler'
2020-05-17 14:12:43.378 sszserver [main] INFO  s.d.s.web.plugins.DocumentationPluginsBootstrapper - Context refreshed
2020-05-17 14:12:43.500 sszserver [main] INFO  s.d.s.web.plugins.DocumentationPluginsBootstrapper - Found 1 custom documentation plugin(s)
2020-05-17 14:12:43.598 sszserver [main] INFO  s.d.spring.web.scanners.ApiListingReferenceScanner - Scanning for api listing references
2020-05-17 14:12:43.967 sszserver [main] INFO  s.d.s.w.r.operation.CachingOperationNameGenerator - Generating unique operation named: brandsUsingGET_1
2020-05-17 14:12:44.015 sszserver [main] INFO  s.d.s.w.r.operation.CachingOperationNameGenerator - Generating unique operation named: oneCarsUsingGET_1
2020-05-17 14:12:44.072 sszserver [main] INFO  s.d.s.w.r.operation.CachingOperationNameGenerator - Generating unique operation named: threeCarsUsingGET_1
2020-05-17 14:12:44.081 sszserver [main] INFO  s.d.s.w.r.operation.CachingOperationNameGenerator - Generating unique operation named: twoCarsUsingGET_1
2020-05-17 14:12:44.141 sszserver [main] INFO  s.d.s.w.r.operation.CachingOperationNameGenerator - Generating unique operation named: delUsingDELETE_1
2020-05-17 14:12:44.153 sszserver [main] INFO  s.d.s.w.r.operation.CachingOperationNameGenerator - Generating unique operation named: saveUsingPOST_1
2020-05-17 14:12:44.153 sszserver [main] INFO  s.d.s.w.r.operation.CachingOperationNameGenerator - Generating unique operation named: saveUsingPUT_1
2020-05-17 14:12:44.156 sszserver [main] INFO  s.d.s.w.r.operation.CachingOperationNameGenerator - Generating unique operation named: delUsingDELETE_2
2020-05-17 14:12:44.165 sszserver [main] INFO  s.d.s.w.r.operation.CachingOperationNameGenerator - Generating unique operation named: engineTypesUsingGET_1
2020-05-17 14:12:44.219 sszserver [main] INFO  s.d.s.w.r.operation.CachingOperationNameGenerator - Generating unique operation named: delUsingDELETE_3
2020-05-17 14:12:44.222 sszserver [main] INFO  s.d.s.w.r.operation.CachingOperationNameGenerator - Generating unique operation named: imgBasesUsingGET_1
2020-05-17 14:12:44.227 sszserver [main] INFO  s.d.s.w.r.operation.CachingOperationNameGenerator - Generating unique operation named: imgBasesUsingGET_2
2020-05-17 14:12:44.234 sszserver [main] WARN  s.d.s.w.readers.parameter.ParameterDataTypeReader - Trying to infer dataType java.util.List<com.hello.common.dto.olis.OneLevelCarType>
2020-05-17 14:12:44.235 sszserver [main] WARN  s.d.s.w.readers.parameter.ParameterDataTypeReader - Trying to infer dataType java.util.List<com.hello.common.dto.olis.ThreeLevelCarType>
2020-05-17 14:12:44.236 sszserver [main] WARN  s.d.s.w.readers.parameter.ParameterDataTypeReader - Trying to infer dataType java.util.List<com.hello.common.dto.olis.TwoLevelCarType>
2020-05-17 14:12:44.303 sszserver [main] INFO  s.d.s.w.r.operation.CachingOperationNameGenerator - Generating unique operation named: saveOneUsingPOST_1
2020-05-17 14:12:44.317 sszserver [main] INFO  s.d.s.w.r.operation.CachingOperationNameGenerator - Generating unique operation named: saveThreeUsingPOST_1
2020-05-17 14:12:44.329 sszserver [main] INFO  s.d.s.w.r.operation.CachingOperationNameGenerator - Generating unique operation named: saveTwoUsingPOST_1
2020-05-17 14:12:44.336 sszserver [main] INFO  s.d.s.w.r.operation.CachingOperationNameGenerator - Generating unique operation named: delUsingDELETE_4
2020-05-17 14:12:44.342 sszserver [main] INFO  s.d.s.w.r.operation.CachingOperationNameGenerator - Generating unique operation named: delUsingDELETE_5
2020-05-17 14:12:44.356 sszserver [main] INFO  s.d.s.w.r.operation.CachingOperationNameGenerator - Generating unique operation named: saveUsingPOST_2
2020-05-17 14:12:44.356 sszserver [main] INFO  s.d.s.w.r.operation.CachingOperationNameGenerator - Generating unique operation named: saveUsingPUT_2
2020-05-17 14:12:44.358 sszserver [main] INFO  s.d.s.w.r.operation.CachingOperationNameGenerator - Generating unique operation named: delUsingDELETE_6
2020-05-17 14:12:44.361 sszserver [main] INFO  s.d.s.w.r.operation.CachingOperationNameGenerator - Generating unique operation named: getAllRegionsUsingGET_1
2020-05-17 14:12:44.372 sszserver [main] INFO  s.d.s.w.r.operation.CachingOperationNameGenerator - Generating unique operation named: saveUsingPOST_3
2020-05-17 14:12:44.373 sszserver [main] INFO  s.d.s.w.r.operation.CachingOperationNameGenerator - Generating unique operation named: saveUsingPUT_3
2020-05-17 14:12:44.374 sszserver [main] INFO  s.d.s.w.r.operation.CachingOperationNameGenerator - Generating unique operation named: saveUsingPOST_4
2020-05-17 14:12:44.374 sszserver [main] INFO  s.d.s.w.r.operation.CachingOperationNameGenerator - Generating unique operation named: saveUsingPUT_4
2020-05-17 14:12:44.375 sszserver [main] INFO  s.d.s.w.r.operation.CachingOperationNameGenerator - Generating unique operation named: delUsingDELETE_7
2020-05-17 14:12:44.378 sszserver [main] INFO  s.d.s.w.r.operation.CachingOperationNameGenerator - Generating unique operation named: getUsingGET_1
2020-05-17 14:12:44.381 sszserver [main] INFO  s.d.s.w.r.operation.CachingOperationNameGenerator - Generating unique operation named: saveUsingPOST_5
2020-05-17 14:12:44.381 sszserver [main] INFO  s.d.s.w.r.operation.CachingOperationNameGenerator - Generating unique operation named: saveUsingPUT_5
2020-05-17 14:12:44.390 sszserver [main] INFO  s.d.s.w.r.operation.CachingOperationNameGenerator - Generating unique operation named: saveUsingPOST_6
2020-05-17 14:12:44.391 sszserver [main] INFO  s.d.s.w.r.operation.CachingOperationNameGenerator - Generating unique operation named: saveUsingPUT_6
2020-05-17 14:12:44.396 sszserver [main] INFO  s.d.s.w.r.operation.CachingOperationNameGenerator - Generating unique operation named: delUsingDELETE_8
2020-05-17 14:12:44.397 sszserver [main] INFO  s.d.s.w.r.operation.CachingOperationNameGenerator - Generating unique operation named: getUsingGET_2
2020-05-17 14:12:44.405 sszserver [main] INFO  s.d.s.w.r.operation.CachingOperationNameGenerator - Generating unique operation named: saveUsingPOST_7
2020-05-17 14:12:44.405 sszserver [main] INFO  s.d.s.w.r.operation.CachingOperationNameGenerator - Generating unique operation named: saveUsingPUT_7
2020-05-17 14:12:44.411 sszserver [main] INFO  s.d.s.w.r.operation.CachingOperationNameGenerator - Generating unique operation named: delUsingDELETE_9
2020-05-17 14:12:44.412 sszserver [main] WARN  s.d.s.w.readers.parameter.ParameterDataTypeReader - Trying to infer dataType java.util.List<java.lang.Long>
2020-05-17 14:12:44.413 sszserver [main] INFO  s.d.s.w.r.operation.CachingOperationNameGenerator - Generating unique operation named: getRegionUsingGET_1
2020-05-17 14:12:44.414 sszserver [main] INFO  s.d.s.w.r.operation.CachingOperationNameGenerator - Generating unique operation named: saveUsingPOST_8
2020-05-17 14:12:44.415 sszserver [main] INFO  s.d.s.w.r.operation.CachingOperationNameGenerator - Generating unique operation named: saveUsingPUT_8
2020-05-17 14:12:44.420 sszserver [main] INFO  s.d.s.w.r.operation.CachingOperationNameGenerator - Generating unique operation named: saveUsingPOST_9
2020-05-17 14:12:44.420 sszserver [main] INFO  s.d.s.w.r.operation.CachingOperationNameGenerator - Generating unique operation named: saveUsingPUT_9
2020-05-17 14:12:44.431 sszserver [main] INFO  s.d.s.w.r.operation.CachingOperationNameGenerator - Generating unique operation named: yearsUsingGET_1
2020-05-17 14:12:44.518 sszserver [main] INFO  o.e.j.server.handler.ContextHandler.application - Initializing Spring DispatcherServlet 'dispatcherServlet'
2020-05-17 14:12:44.518 sszserver [main] INFO  org.springframework.web.servlet.DispatcherServlet - Initializing Servlet 'dispatcherServlet'
2020-05-17 14:12:44.527 sszserver [main] INFO  org.springframework.web.servlet.DispatcherServlet - Completed initialization in 9 ms
2020-05-17 14:12:44.559 sszserver [main] INFO  org.eclipse.jetty.server.AbstractConnector - Started ServerConnector@2cbe455c{HTTP/1.1, (http/1.1)}{0.0.0.0:8081}
2020-05-17 14:12:44.561 sszserver [main] INFO  o.s.boot.web.embedded.jetty.JettyWebServer - Jetty started on port(s) 8081 (http/1.1) with context path '/'
2020-05-17 14:12:44.568 sszserver [main] INFO  o.s.c.consul.serviceregistry.ConsulServiceRegistry - Registering service with consul: NewService{id='olisserver-8081', name='olis-server', tags=[secure=false], address='LAPTOP-LMRC2QMU', meta=null, port=8081, enableTagOverride=null, check=Check{script='null', interval='10s', ttl='null', http='http://LAPTOP-LMRC2QMU:8081/actuator/health', method='null', header={}, tcp='null', timeout='null', deregisterCriticalServiceAfter='null', tlsSkipVerify=null, status='null'}, checks=null}
2020-05-17 14:12:45.239 sszserver [main] INFO  org.apache.coyote.http11.Http11NioProtocol - Pausing ProtocolHandler ["http-nio-8089"]
2020-05-17 14:12:45.723 sszserver [main] INFO  org.apache.catalina.core.StandardService - Stopping service [Tomcat]
2020-05-17 14:12:45.726 sszserver [main] WARN  org.apache.catalina.loader.WebappClassLoaderBase - The web application [ROOT] appears to have started a thread named [lettuce-eventExecutorLoop-1-1] but has failed to stop it. This is very likely to create a memory leak. Stack trace of thread:
 sun.misc.Unsafe.park(Native Method)
 java.util.concurrent.locks.LockSupport.parkNanos(LockSupport.java:215)
 java.util.concurrent.locks.AbstractQueuedSynchronizer$ConditionObject.awaitNanos(AbstractQueuedSynchronizer.java:2078)
 java.util.concurrent.LinkedBlockingQueue.poll(LinkedBlockingQueue.java:467)
 io.netty.util.concurrent.SingleThreadEventExecutor.takeTask(SingleThreadEventExecutor.java:256)
 io.netty.util.concurrent.DefaultEventExecutor.run(DefaultEventExecutor.java:64)
 io.netty.util.concurrent.SingleThreadEventExecutor$4.run(SingleThreadEventExecutor.java:989)
 io.netty.util.internal.ThreadExecutorMap$2.run(ThreadExecutorMap.java:74)
 io.netty.util.concurrent.FastThreadLocalRunnable.run(FastThreadLocalRunnable.java:30)
 java.lang.Thread.run(Thread.java:748)
2020-05-17 14:12:45.726 sszserver [main] WARN  org.apache.catalina.loader.WebappClassLoaderBase - The web application [ROOT] appears to have started a thread named [spring.cloud.inetutils] but has failed to stop it. This is very likely to create a memory leak. Stack trace of thread:
 sun.misc.Unsafe.park(Native Method)
 java.util.concurrent.locks.LockSupport.park(LockSupport.java:175)
 java.util.concurrent.locks.AbstractQueuedSynchronizer$ConditionObject.await(AbstractQueuedSynchronizer.java:2039)
 java.util.concurrent.LinkedBlockingQueue.take(LinkedBlockingQueue.java:442)
 java.util.concurrent.ThreadPoolExecutor.getTask(ThreadPoolExecutor.java:1074)
 java.util.concurrent.ThreadPoolExecutor.runWorker(ThreadPoolExecutor.java:1134)
 java.util.concurrent.ThreadPoolExecutor$Worker.run(ThreadPoolExecutor.java:624)
 java.lang.Thread.run(Thread.java:748)
2020-05-17 14:12:45.727 sszserver [main] WARN  org.apache.catalina.loader.WebappClassLoaderBase - The web application [ROOT] appears to have started a thread named [RxIoScheduler-1 (Evictor)] but has failed to stop it. This is very likely to create a memory leak. Stack trace of thread:
 sun.misc.Unsafe.park(Native Method)
 java.util.concurrent.locks.LockSupport.parkNanos(LockSupport.java:215)
 java.util.concurrent.locks.AbstractQueuedSynchronizer$ConditionObject.awaitNanos(AbstractQueuedSynchronizer.java:2078)
 java.util.concurrent.ScheduledThreadPoolExecutor$DelayedWorkQueue.take(ScheduledThreadPoolExecutor.java:1093)
 java.util.concurrent.ScheduledThreadPoolExecutor$DelayedWorkQueue.take(ScheduledThreadPoolExecutor.java:809)
 java.util.concurrent.ThreadPoolExecutor.getTask(ThreadPoolExecutor.java:1074)
 java.util.concurrent.ThreadPoolExecutor.runWorker(ThreadPoolExecutor.java:1134)
 java.util.concurrent.ThreadPoolExecutor$Worker.run(ThreadPoolExecutor.java:624)
 java.lang.Thread.run(Thread.java:748)
2020-05-17 14:12:45.728 sszserver [main] INFO  org.apache.coyote.http11.Http11NioProtocol - Stopping ProtocolHandler ["http-nio-8089"]
2020-05-17 14:12:45.730 sszserver [main] INFO  org.apache.coyote.http11.Http11NioProtocol - Destroying ProtocolHandler ["http-nio-8089"]
2020-05-17 14:12:45.750 sszserver [main] INFO  o.s.b.a.l.ConditionEvaluationReportLoggingListener - 

Error starting ApplicationContext. To display the conditions report re-run your application with 'debug' enabled.
2020-05-17 14:12:45.751 sszserver [main] INFO  o.s.scheduling.concurrent.ThreadPoolTaskScheduler - Shutting down ExecutorService 'catalogWatchTaskScheduler'
2020-05-17 14:12:45.753 sszserver [main] WARN  o.s.beans.factory.support.DisposableBeanAdapter - Invocation of destroy method failed on bean with name 'tomcatMetricsBinder': java.lang.NullPointerException
2020-05-17 14:12:45.753 sszserver [main] INFO  o.s.scheduling.concurrent.ThreadPoolTaskExecutor - Shutting down ExecutorService 'applicationTaskExecutor'
2020-05-17 14:12:45.801 sszserver [main] INFO  o.s.orm.jpa.LocalContainerEntityManagerFactoryBean - Closing JPA EntityManagerFactory for persistence unit 'default'
2020-05-17 14:12:45.930 sszserver [main] INFO  com.alibaba.druid.pool.DruidDataSource - {dataSource-1} closed
2020-05-17 14:12:48.614 sszserver [main] INFO  org.eclipse.jetty.server.AbstractConnector - Stopped ServerConnector@2cbe455c{HTTP/1.1, (http/1.1)}{0.0.0.0:8081}
2020-05-17 14:12:48.614 sszserver [main] INFO  org.eclipse.jetty.server.session - node0 Stopped scavenging
2020-05-17 14:12:48.617 sszserver [main] INFO  o.e.j.server.handler.ContextHandler.application - Destroying Spring FrameworkServlet 'dispatcherServlet'
2020-05-17 14:12:48.618 sszserver [main] INFO  org.eclipse.jetty.server.handler.ContextHandler - Stopped o.s.b.w.e.j.JettyEmbeddedWebAppContext@7c03f9d0{application,/,[file:///C:/Users/Hello_Earth/AppData/Local/Temp/jetty-docbase.6825667800874086348.8081/],UNAVAILABLE}
2020-05-17 14:12:48.623 sszserver [main] INFO  o.s.b.a.l.ConditionEvaluationReportLoggingListener - 

Error starting ApplicationContext. To display the conditions report re-run your application with 'debug' enabled.
2020-05-17 14:12:48.626 sszserver [main] INFO  o.s.scheduling.concurrent.ThreadPoolTaskScheduler - Shutting down ExecutorService 'catalogWatchTaskScheduler'
2020-05-17 14:12:48.627 sszserver [main] INFO  o.s.scheduling.concurrent.ThreadPoolTaskScheduler - Shutting down ExecutorService 'taskScheduler'
2020-05-17 14:12:48.629 sszserver [main] INFO  o.s.scheduling.concurrent.ThreadPoolTaskExecutor - Shutting down ExecutorService 'applicationTaskExecutor'
2020-05-17 14:12:48.636 sszserver [main] INFO  o.s.orm.jpa.LocalContainerEntityManagerFactoryBean - Closing JPA EntityManagerFactory for persistence unit 'default'
2020-05-17 14:12:48.844 sszserver [main] INFO  com.alibaba.druid.pool.DruidDataSource - {dataSource-1} closed
2020-05-17 14:14:04.081 sszserver [main] INFO  com.hello.mobileservice.MobileApplication - The following profiles are active: local
2020-05-17 14:14:04.818 sszserver [main] INFO  o.s.d.r.config.RepositoryConfigurationDelegate - Multiple Spring Data modules found, entering strict repository configuration mode!
2020-05-17 14:14:04.819 sszserver [main] INFO  o.s.d.r.config.RepositoryConfigurationDelegate - Bootstrapping Spring Data JPA repositories in DEFAULT mode.
2020-05-17 14:14:04.840 sszserver [main] INFO  o.s.d.r.config.RepositoryConfigurationDelegate - Finished Spring Data repository scanning in 13ms. Found 0 JPA repository interfaces.
2020-05-17 14:14:04.851 sszserver [main] INFO  o.s.d.r.config.RepositoryConfigurationDelegate - Multiple Spring Data modules found, entering strict repository configuration mode!
2020-05-17 14:14:04.852 sszserver [main] INFO  o.s.d.r.config.RepositoryConfigurationDelegate - Bootstrapping Spring Data Redis repositories in DEFAULT mode.
2020-05-17 14:14:04.863 sszserver [main] INFO  o.s.d.r.config.RepositoryConfigurationDelegate - Finished Spring Data repository scanning in 4ms. Found 0 Redis repository interfaces.
2020-05-17 14:14:04.950 sszserver [main] WARN  o.springframework.boot.actuate.endpoint.EndpointId - Endpoint ID 'service-registry' contains invalid characters, please migrate to a valid format.
2020-05-17 14:14:04.971 sszserver [main] WARN  o.springframework.boot.actuate.endpoint.EndpointId - Endpoint ID 'hystrix.stream' contains invalid characters, please migrate to a valid format.
2020-05-17 14:14:05.083 sszserver [main] INFO  o.springframework.cloud.context.scope.GenericScope - BeanFactory id=4dd3c212-de62-3435-a0cc-5c4a02ff037e
2020-05-17 14:14:05.181 sszserver [main] INFO  o.s.c.s.PostProcessorRegistrationDelegate$BeanPostProcessorChecker - Bean 'com.hello.mobileservice.service.brand.BrandService' of type [org.springframework.cloud.openfeign.FeignClientFactoryBean] is not eligible for getting processed by all BeanPostProcessors (for example: not eligible for auto-proxying)
2020-05-17 14:14:05.182 sszserver [main] INFO  o.s.c.s.PostProcessorRegistrationDelegate$BeanPostProcessorChecker - Bean 'com.hello.mobileservice.service.device.DeviceService' of type [org.springframework.cloud.openfeign.FeignClientFactoryBean] is not eligible for getting processed by all BeanPostProcessors (for example: not eligible for auto-proxying)
2020-05-17 14:14:05.183 sszserver [main] INFO  o.s.c.s.PostProcessorRegistrationDelegate$BeanPostProcessorChecker - Bean 'com.hello.mobileservice.service.region.RegionService' of type [org.springframework.cloud.openfeign.FeignClientFactoryBean] is not eligible for getting processed by all BeanPostProcessors (for example: not eligible for auto-proxying)
2020-05-17 14:14:05.184 sszserver [main] INFO  o.s.c.s.PostProcessorRegistrationDelegate$BeanPostProcessorChecker - Bean 'com.hello.mobileservice.service.saesc.SaeDescService' of type [org.springframework.cloud.openfeign.FeignClientFactoryBean] is not eligible for getting processed by all BeanPostProcessors (for example: not eligible for auto-proxying)
2020-05-17 14:14:05.185 sszserver [main] INFO  o.s.c.s.PostProcessorRegistrationDelegate$BeanPostProcessorChecker - Bean 'com.hello.mobileservice.service.threeLevelWithYear.ThreeLevelWithYearService' of type [org.springframework.cloud.openfeign.FeignClientFactoryBean] is not eligible for getting processed by all BeanPostProcessors (for example: not eligible for auto-proxying)
2020-05-17 14:14:05.186 sszserver [main] INFO  o.s.c.s.PostProcessorRegistrationDelegate$BeanPostProcessorChecker - Bean 'com.hello.mobileservice.service.year.YearService' of type [org.springframework.cloud.openfeign.FeignClientFactoryBean] is not eligible for getting processed by all BeanPostProcessors (for example: not eligible for auto-proxying)
2020-05-17 14:14:05.609 sszserver [main] INFO  o.s.boot.web.embedded.tomcat.TomcatWebServer - Tomcat initialized with port(s): 8089 (http)
2020-05-17 14:14:05.617 sszserver [main] INFO  org.apache.coyote.http11.Http11NioProtocol - Initializing ProtocolHandler ["http-nio-8089"]
2020-05-17 14:14:05.617 sszserver [main] INFO  org.apache.catalina.core.StandardService - Starting service [Tomcat]
2020-05-17 14:14:05.617 sszserver [main] INFO  org.apache.catalina.core.StandardEngine - Starting Servlet engine: [Apache Tomcat/9.0.34]
2020-05-17 14:14:05.689 sszserver [main] INFO  o.a.c.core.ContainerBase.[Tomcat].[localhost].[/] - Initializing Spring embedded WebApplicationContext
2020-05-17 14:14:05.689 sszserver [main] INFO  org.springframework.web.context.ContextLoader - Root WebApplicationContext: initialization completed in 1587 ms
2020-05-17 14:14:05.763 sszserver [main] WARN  com.netflix.config.sources.URLConfigurationSource - No URLs will be polled as dynamic configuration sources.
2020-05-17 14:14:05.763 sszserver [main] INFO  com.netflix.config.sources.URLConfigurationSource - To enable URLs as dynamic configuration sources, define System property archaius.configurationSource.additionalUrls or make config.properties available on classpath.
2020-05-17 14:14:05.772 sszserver [main] INFO  com.netflix.config.DynamicPropertyFactory - DynamicPropertyFactory is initialized with configuration sources: com.netflix.config.ConcurrentCompositeConfiguration@35f7969d
2020-05-17 14:14:07.754 sszserver [main] INFO  o.s.b.a.endpoint.web.ServletEndpointRegistrar - Registered '/actuator/hystrix.stream' to hystrix.stream-actuator-endpoint
2020-05-17 14:14:07.846 sszserver [main] INFO  org.hibernate.jpa.internal.util.LogHelper - HHH000204: Processing PersistenceUnitInfo [name: default]
2020-05-17 14:14:07.888 sszserver [main] INFO  org.hibernate.Version - HHH000412: Hibernate ORM core version 5.4.15.Final
2020-05-17 14:14:08.022 sszserver [main] INFO  org.hibernate.annotations.common.Version - HCANN000001: Hibernate Commons Annotations {5.1.0.Final}
2020-05-17 14:14:08.154 sszserver [main] INFO  com.alibaba.druid.pool.DruidDataSource - {dataSource-1} inited
2020-05-17 14:14:08.361 sszserver [main] INFO  org.hibernate.dialect.Dialect - HHH000400: Using dialect: org.hibernate.dialect.Oracle12cDialect
2020-05-17 14:14:08.614 sszserver [main] WARN  org.hibernate.mapping.RootClass - HHH000038: Composite-id class does not override equals(): com.hello.common.entity.system.LoggingEventException
2020-05-17 14:14:08.614 sszserver [main] WARN  org.hibernate.mapping.RootClass - HHH000039: Composite-id class does not override hashCode(): com.hello.common.entity.system.LoggingEventException
2020-05-17 14:14:09.560 sszserver [main] INFO  o.h.e.t.jta.platform.internal.JtaPlatformInitiator - HHH000490: Using JtaPlatform implementation: [org.hibernate.engine.transaction.jta.platform.internal.NoJtaPlatform]
2020-05-17 14:14:09.567 sszserver [main] INFO  o.s.orm.jpa.LocalContainerEntityManagerFactoryBean - Initialized JPA EntityManagerFactory for persistence unit 'default'
2020-05-17 14:14:09.653 sszserver [main] WARN  o.s.b.a.o.j.JpaBaseConfiguration$JpaWebConfiguration - spring.jpa.open-in-view is enabled by default. Therefore, database queries may be performed during view rendering. Explicitly configure spring.jpa.open-in-view to disable this warning
2020-05-17 14:14:09.904 sszserver [main] WARN  com.netflix.config.sources.URLConfigurationSource - No URLs will be polled as dynamic configuration sources.
2020-05-17 14:14:09.904 sszserver [main] INFO  com.netflix.config.sources.URLConfigurationSource - To enable URLs as dynamic configuration sources, define System property archaius.configurationSource.additionalUrls or make config.properties available on classpath.
2020-05-17 14:14:10.021 sszserver [main] INFO  o.s.scheduling.concurrent.ThreadPoolTaskExecutor - Initializing ExecutorService 'applicationTaskExecutor'
2020-05-17 14:14:11.059 sszserver [main] WARN  o.s.c.l.c.BlockingLoadBalancerClientAutoConfiguration$BlockingLoadBalancerClientRibbonWarnLogger - You already have RibbonLoadBalancerClient on your classpath. It will be used by default. As Spring Cloud Ribbon is in maintenance mode. We recommend switching to BlockingLoadBalancerClient instead. In order to use it, set the value of `spring.cloud.loadbalancer.ribbon.enabled` to `false` or remove spring-cloud-starter-netflix-ribbon from your project.
2020-05-17 14:14:11.082 sszserver [main] INFO  o.s.scheduling.concurrent.ThreadPoolTaskScheduler - Initializing ExecutorService 'catalogWatchTaskScheduler'
2020-05-17 14:14:11.094 sszserver [main] INFO  o.s.b.actuate.endpoint.web.EndpointLinksResolver - Exposing 19 endpoint(s) beneath base path '/actuator'
2020-05-17 14:14:11.132 sszserver [main] INFO  org.apache.coyote.http11.Http11NioProtocol - Starting ProtocolHandler ["http-nio-8089"]
2020-05-17 14:14:11.160 sszserver [main] INFO  o.s.boot.web.embedded.tomcat.TomcatWebServer - Tomcat started on port(s): 8089 (http) with context path ''
2020-05-17 14:14:11.168 sszserver [main] INFO  o.s.c.consul.serviceregistry.ConsulServiceRegistry - Registering service with consul: NewService{id='mobileservice-8089', name='mobile-service', tags=[secure=false], address='LAPTOP-LMRC2QMU', meta=null, port=8089, enableTagOverride=null, check=Check{script='null', interval='10s', ttl='null', http='http://LAPTOP-LMRC2QMU:8089/actuator/health', method='null', header={}, tcp='null', timeout='null', deregisterCriticalServiceAfter='null', tlsSkipVerify=null, status='null'}, checks=null}
2020-05-17 14:14:11.912 sszserver [main] INFO  com.hello.mobileservice.MobileApplication - Started MobileApplication in 10.201 seconds (JVM running for 11.892)
2020-05-17 14:14:17.781 sszserver [http-nio-8089-exec-1] INFO  o.a.c.core.ContainerBase.[Tomcat].[localhost].[/] - Initializing Spring DispatcherServlet 'dispatcherServlet'
2020-05-17 14:14:17.781 sszserver [http-nio-8089-exec-1] INFO  org.springframework.web.servlet.DispatcherServlet - Initializing Servlet 'dispatcherServlet'
2020-05-17 14:14:17.787 sszserver [http-nio-8089-exec-1] INFO  org.springframework.web.servlet.DispatcherServlet - Completed initialization in 6 ms
2020-05-17 14:14:18.516 sszserver [boundedElastic-1] INFO  io.lettuce.core.EpollProvider - Starting without optional epoll library
2020-05-17 14:14:18.517 sszserver [boundedElastic-1] INFO  io.lettuce.core.KqueueProvider - Starting without optional kqueue library
2020-05-17 14:14:37.277 sszserver [main] INFO  com.hello.adminservice.AdminserviceApplication - The following profiles are active: local
2020-05-17 14:14:38.373 sszserver [main] INFO  o.s.d.r.config.RepositoryConfigurationDelegate - Multiple Spring Data modules found, entering strict repository configuration mode!
2020-05-17 14:14:38.373 sszserver [main] INFO  o.s.d.r.config.RepositoryConfigurationDelegate - Bootstrapping Spring Data JPA repositories in DEFAULT mode.
2020-05-17 14:14:38.541 sszserver [main] INFO  o.s.d.r.config.RepositoryConfigurationDelegate - Finished Spring Data repository scanning in 161ms. Found 22 JPA repository interfaces.
2020-05-17 14:14:38.554 sszserver [main] INFO  o.s.d.r.config.RepositoryConfigurationDelegate - Multiple Spring Data modules found, entering strict repository configuration mode!
2020-05-17 14:14:38.555 sszserver [main] INFO  o.s.d.r.config.RepositoryConfigurationDelegate - Bootstrapping Spring Data Redis repositories in DEFAULT mode.
2020-05-17 14:14:38.579 sszserver [main] INFO  o.s.d.r.c.RepositoryConfigurationExtensionSupport - Spring Data Redis - Could not safely identify store assignment for repository candidate interface com.hello.adminservice.repository.LoggingEventExceptionRepository. If you want this repository to be a Redis repository, consider annotating your entities with one of these annotations: org.springframework.data.redis.core.RedisHash (preferred), or consider extending one of the following types with your repository: org.springframework.data.keyvalue.repository.KeyValueRepository.
2020-05-17 14:14:38.579 sszserver [main] INFO  o.s.d.r.c.RepositoryConfigurationExtensionSupport - Spring Data Redis - Could not safely identify store assignment for repository candidate interface com.hello.adminservice.repository.PermissionRepository. If you want this repository to be a Redis repository, consider annotating your entities with one of these annotations: org.springframework.data.redis.core.RedisHash (preferred), or consider extending one of the following types with your repository: org.springframework.data.keyvalue.repository.KeyValueRepository.
2020-05-17 14:14:38.580 sszserver [main] INFO  o.s.d.r.c.RepositoryConfigurationExtensionSupport - Spring Data Redis - Could not safely identify store assignment for repository candidate interface com.hello.adminservice.repository.RoleRepository. If you want this repository to be a Redis repository, consider annotating your entities with one of these annotations: org.springframework.data.redis.core.RedisHash (preferred), or consider extending one of the following types with your repository: org.springframework.data.keyvalue.repository.KeyValueRepository.
2020-05-17 14:14:38.580 sszserver [main] INFO  o.s.d.r.c.RepositoryConfigurationExtensionSupport - Spring Data Redis - Could not safely identify store assignment for repository candidate interface com.hello.adminservice.repository.SystemLogRepository. If you want this repository to be a Redis repository, consider annotating your entities with one of these annotations: org.springframework.data.redis.core.RedisHash (preferred), or consider extending one of the following types with your repository: org.springframework.data.keyvalue.repository.KeyValueRepository.
2020-05-17 14:14:38.580 sszserver [main] INFO  o.s.d.r.c.RepositoryConfigurationExtensionSupport - Spring Data Redis - Could not safely identify store assignment for repository candidate interface com.hello.adminservice.repository.SystemParamsRepository. If you want this repository to be a Redis repository, consider annotating your entities with one of these annotations: org.springframework.data.redis.core.RedisHash (preferred), or consider extending one of the following types with your repository: org.springframework.data.keyvalue.repository.KeyValueRepository.
2020-05-17 14:14:38.580 sszserver [main] INFO  o.s.d.r.c.RepositoryConfigurationExtensionSupport - Spring Data Redis - Could not safely identify store assignment for repository candidate interface com.hello.adminservice.repository.ThreeLevelWithYearRepository. If you want this repository to be a Redis repository, consider annotating your entities with one of these annotations: org.springframework.data.redis.core.RedisHash (preferred), or consider extending one of the following types with your repository: org.springframework.data.keyvalue.repository.KeyValueRepository.
2020-05-17 14:14:38.580 sszserver [main] INFO  o.s.d.r.c.RepositoryConfigurationExtensionSupport - Spring Data Redis - Could not safely identify store assignment for repository candidate interface com.hello.adminservice.repository.UploadFileRepository. If you want this repository to be a Redis repository, consider annotating your entities with one of these annotations: org.springframework.data.redis.core.RedisHash (preferred), or consider extending one of the following types with your repository: org.springframework.data.keyvalue.repository.KeyValueRepository.
2020-05-17 14:14:38.581 sszserver [main] INFO  o.s.d.r.c.RepositoryConfigurationExtensionSupport - Spring Data Redis - Could not safely identify store assignment for repository candidate interface com.hello.adminservice.repository.UserRepository. If you want this repository to be a Redis repository, consider annotating your entities with one of these annotations: org.springframework.data.redis.core.RedisHash (preferred), or consider extending one of the following types with your repository: org.springframework.data.keyvalue.repository.KeyValueRepository.
2020-05-17 14:14:38.581 sszserver [main] INFO  o.s.d.r.c.RepositoryConfigurationExtensionSupport - Spring Data Redis - Could not safely identify store assignment for repository candidate interface com.hello.adminservice.repository.brand.BrandRepository. If you want this repository to be a Redis repository, consider annotating your entities with one of these annotations: org.springframework.data.redis.core.RedisHash (preferred), or consider extending one of the following types with your repository: org.springframework.data.keyvalue.repository.KeyValueRepository.
2020-05-17 14:14:38.581 sszserver [main] INFO  o.s.d.r.c.RepositoryConfigurationExtensionSupport - Spring Data Redis - Could not safely identify store assignment for repository candidate interface com.hello.adminservice.repository.device.DeviceRepository. If you want this repository to be a Redis repository, consider annotating your entities with one of these annotations: org.springframework.data.redis.core.RedisHash (preferred), or consider extending one of the following types with your repository: org.springframework.data.keyvalue.repository.KeyValueRepository.
2020-05-17 14:14:38.582 sszserver [main] INFO  o.s.d.r.c.RepositoryConfigurationExtensionSupport - Spring Data Redis - Could not safely identify store assignment for repository candidate interface com.hello.adminservice.repository.engine.EngineRepository. If you want this repository to be a Redis repository, consider annotating your entities with one of these annotations: org.springframework.data.redis.core.RedisHash (preferred), or consider extending one of the following types with your repository: org.springframework.data.keyvalue.repository.KeyValueRepository.
2020-05-17 14:14:38.582 sszserver [main] INFO  o.s.d.r.c.RepositoryConfigurationExtensionSupport - Spring Data Redis - Could not safely identify store assignment for repository candidate interface com.hello.adminservice.repository.engine.EngineTypeRepository. If you want this repository to be a Redis repository, consider annotating your entities with one of these annotations: org.springframework.data.redis.core.RedisHash (preferred), or consider extending one of the following types with your repository: org.springframework.data.keyvalue.repository.KeyValueRepository.
2020-05-17 14:14:38.582 sszserver [main] INFO  o.s.d.r.c.RepositoryConfigurationExtensionSupport - Spring Data Redis - Could not safely identify store assignment for repository candidate interface com.hello.adminservice.repository.imgBase.ImgBaseRepository. If you want this repository to be a Redis repository, consider annotating your entities with one of these annotations: org.springframework.data.redis.core.RedisHash (preferred), or consider extending one of the following types with your repository: org.springframework.data.keyvalue.repository.KeyValueRepository.
2020-05-17 14:14:38.582 sszserver [main] INFO  o.s.d.r.c.RepositoryConfigurationExtensionSupport - Spring Data Redis - Could not safely identify store assignment for repository candidate interface com.hello.adminservice.repository.imgBase.ImgMaterialRepository. If you want this repository to be a Redis repository, consider annotating your entities with one of these annotations: org.springframework.data.redis.core.RedisHash (preferred), or consider extending one of the following types with your repository: org.springframework.data.keyvalue.repository.KeyValueRepository.
2020-05-17 14:14:38.583 sszserver [main] INFO  o.s.d.r.c.RepositoryConfigurationExtensionSupport - Spring Data Redis - Could not safely identify store assignment for repository candidate interface com.hello.adminservice.repository.olis.OlisRepository. If you want this repository to be a Redis repository, consider annotating your entities with one of these annotations: org.springframework.data.redis.core.RedisHash (preferred), or consider extending one of the following types with your repository: org.springframework.data.keyvalue.repository.KeyValueRepository.
2020-05-17 14:14:38.583 sszserver [main] INFO  o.s.d.r.c.RepositoryConfigurationExtensionSupport - Spring Data Redis - Could not safely identify store assignment for repository candidate interface com.hello.adminservice.repository.olis.OneLevelCarTypeRepository. If you want this repository to be a Redis repository, consider annotating your entities with one of these annotations: org.springframework.data.redis.core.RedisHash (preferred), or consider extending one of the following types with your repository: org.springframework.data.keyvalue.repository.KeyValueRepository.
2020-05-17 14:14:38.583 sszserver [main] INFO  o.s.d.r.c.RepositoryConfigurationExtensionSupport - Spring Data Redis - Could not safely identify store assignment for repository candidate interface com.hello.adminservice.repository.olis.RegionPrizeManageRepository. If you want this repository to be a Redis repository, consider annotating your entities with one of these annotations: org.springframework.data.redis.core.RedisHash (preferred), or consider extending one of the following types with your repository: org.springframework.data.keyvalue.repository.KeyValueRepository.
2020-05-17 14:14:38.583 sszserver [main] INFO  o.s.d.r.c.RepositoryConfigurationExtensionSupport - Spring Data Redis - Could not safely identify store assignment for repository candidate interface com.hello.adminservice.repository.olis.RegionRepository. If you want this repository to be a Redis repository, consider annotating your entities with one of these annotations: org.springframework.data.redis.core.RedisHash (preferred), or consider extending one of the following types with your repository: org.springframework.data.keyvalue.repository.KeyValueRepository.
2020-05-17 14:14:38.583 sszserver [main] INFO  o.s.d.r.c.RepositoryConfigurationExtensionSupport - Spring Data Redis - Could not safely identify store assignment for repository candidate interface com.hello.adminservice.repository.olis.ThreeLevelCarTypeRepository. If you want this repository to be a Redis repository, consider annotating your entities with one of these annotations: org.springframework.data.redis.core.RedisHash (preferred), or consider extending one of the following types with your repository: org.springframework.data.keyvalue.repository.KeyValueRepository.
2020-05-17 14:14:38.584 sszserver [main] INFO  o.s.d.r.c.RepositoryConfigurationExtensionSupport - Spring Data Redis - Could not safely identify store assignment for repository candidate interface com.hello.adminservice.repository.olis.TwoLevelCarTypeRepository. If you want this repository to be a Redis repository, consider annotating your entities with one of these annotations: org.springframework.data.redis.core.RedisHash (preferred), or consider extending one of the following types with your repository: org.springframework.data.keyvalue.repository.KeyValueRepository.
2020-05-17 14:14:38.584 sszserver [main] INFO  o.s.d.r.c.RepositoryConfigurationExtensionSupport - Spring Data Redis - Could not safely identify store assignment for repository candidate interface com.hello.adminservice.repository.saeDesc.SaeDescRepository. If you want this repository to be a Redis repository, consider annotating your entities with one of these annotations: org.springframework.data.redis.core.RedisHash (preferred), or consider extending one of the following types with your repository: org.springframework.data.keyvalue.repository.KeyValueRepository.
2020-05-17 14:14:38.584 sszserver [main] INFO  o.s.d.r.c.RepositoryConfigurationExtensionSupport - Spring Data Redis - Could not safely identify store assignment for repository candidate interface com.hello.adminservice.repository.year.YearRepository. If you want this repository to be a Redis repository, consider annotating your entities with one of these annotations: org.springframework.data.redis.core.RedisHash (preferred), or consider extending one of the following types with your repository: org.springframework.data.keyvalue.repository.KeyValueRepository.
2020-05-17 14:14:38.585 sszserver [main] INFO  o.s.d.r.config.RepositoryConfigurationDelegate - Finished Spring Data repository scanning in 21ms. Found 0 Redis repository interfaces.
2020-05-17 14:14:38.673 sszserver [main] WARN  o.springframework.boot.actuate.endpoint.EndpointId - Endpoint ID 'service-registry' contains invalid characters, please migrate to a valid format.
2020-05-17 14:14:38.830 sszserver [main] INFO  o.springframework.cloud.context.scope.GenericScope - BeanFactory id=4b62c1d4-64c6-3e3a-9ab3-f0bf616dde30
2020-05-17 14:14:39.284 sszserver [main] INFO  org.eclipse.jetty.util.log - Logging initialized @5915ms to org.eclipse.jetty.util.log.Slf4jLog
2020-05-17 14:14:39.369 sszserver [main] INFO  o.s.b.w.e.jetty.JettyServletWebServerFactory - Server initialized with port: 8081
2020-05-17 14:14:39.372 sszserver [main] INFO  org.eclipse.jetty.server.Server - jetty-9.4.28.v20200408; built: 2020-04-08T17:49:39.557Z; git: ab228fde9e55e9164c738d7fa121f8ac5acd51c9; jvm 1.8.0_181-b13
2020-05-17 14:14:39.386 sszserver [main] INFO  o.e.j.server.handler.ContextHandler.application - Initializing Spring embedded WebApplicationContext
2020-05-17 14:14:39.387 sszserver [main] INFO  org.springframework.web.context.ContextLoader - Root WebApplicationContext: initialization completed in 2094 ms
2020-05-17 14:14:39.499 sszserver [main] WARN  com.netflix.config.sources.URLConfigurationSource - No URLs will be polled as dynamic configuration sources.
2020-05-17 14:14:39.499 sszserver [main] INFO  com.netflix.config.sources.URLConfigurationSource - To enable URLs as dynamic configuration sources, define System property archaius.configurationSource.additionalUrls or make config.properties available on classpath.
2020-05-17 14:14:39.507 sszserver [main] INFO  com.netflix.config.DynamicPropertyFactory - DynamicPropertyFactory is initialized with configuration sources: com.netflix.config.ConcurrentCompositeConfiguration@521ba38f
2020-05-17 14:14:41.671 sszserver [main] INFO  org.eclipse.jetty.server.session - DefaultSessionIdManager workerName=node0
2020-05-17 14:14:41.671 sszserver [main] INFO  org.eclipse.jetty.server.session - No SessionScavenger set, using defaults
2020-05-17 14:14:41.672 sszserver [main] INFO  org.eclipse.jetty.server.session - node0 Scavenging every 660000ms
2020-05-17 14:14:41.679 sszserver [main] INFO  org.eclipse.jetty.server.handler.ContextHandler - Started o.s.b.w.e.j.JettyEmbeddedWebAppContext@560d6d2{application,/,[file:///C:/Users/Hello_Earth/AppData/Local/Temp/jetty-docbase.9059831971107483288.8081/],AVAILABLE}
2020-05-17 14:14:41.680 sszserver [main] INFO  org.eclipse.jetty.server.Server - Started @8311ms
2020-05-17 14:14:41.780 sszserver [main] INFO  org.hibernate.jpa.internal.util.LogHelper - HHH000204: Processing PersistenceUnitInfo [name: default]
2020-05-17 14:14:41.822 sszserver [main] INFO  org.hibernate.Version - HHH000412: Hibernate ORM core version 5.4.15.Final
2020-05-17 14:14:41.960 sszserver [main] INFO  org.hibernate.annotations.common.Version - HCANN000001: Hibernate Commons Annotations {5.1.0.Final}
2020-05-17 14:14:42.418 sszserver [main] INFO  com.alibaba.druid.pool.DruidDataSource - {dataSource-1} inited
2020-05-17 14:14:42.428 sszserver [main] INFO  org.hibernate.dialect.Dialect - HHH000400: Using dialect: org.hibernate.dialect.Oracle12cDialect
2020-05-17 14:14:42.883 sszserver [main] WARN  org.hibernate.mapping.RootClass - HHH000038: Composite-id class does not override equals(): com.hello.common.entity.system.LoggingEventException
2020-05-17 14:14:42.883 sszserver [main] WARN  org.hibernate.mapping.RootClass - HHH000039: Composite-id class does not override hashCode(): com.hello.common.entity.system.LoggingEventException
2020-05-17 14:14:43.736 sszserver [main] INFO  o.h.e.t.jta.platform.internal.JtaPlatformInitiator - HHH000490: Using JtaPlatform implementation: [org.hibernate.engine.transaction.jta.platform.internal.NoJtaPlatform]
2020-05-17 14:14:43.743 sszserver [main] INFO  o.s.orm.jpa.LocalContainerEntityManagerFactoryBean - Initialized JPA EntityManagerFactory for persistence unit 'default'
2020-05-17 14:14:45.281 sszserver [main] WARN  o.s.b.a.o.j.JpaBaseConfiguration$JpaWebConfiguration - spring.jpa.open-in-view is enabled by default. Therefore, database queries may be performed during view rendering. Explicitly configure spring.jpa.open-in-view to disable this warning
2020-05-17 14:14:45.455 sszserver [main] INFO  o.s.b.actuate.endpoint.web.EndpointLinksResolver - Exposing 18 endpoint(s) beneath base path '/actuator'
2020-05-17 14:14:45.533 sszserver [main] INFO  s.d.s.w.PropertySourcedRequestMappingHandlerMapping - Mapped URL path [/v2/api-docs] onto method [springfox.documentation.swagger2.web.Swagger2Controller#getDocumentation(String, HttpServletRequest)]
2020-05-17 14:14:45.549 sszserver [main] WARN  com.netflix.config.sources.URLConfigurationSource - No URLs will be polled as dynamic configuration sources.
2020-05-17 14:14:45.549 sszserver [main] INFO  com.netflix.config.sources.URLConfigurationSource - To enable URLs as dynamic configuration sources, define System property archaius.configurationSource.additionalUrls or make config.properties available on classpath.
2020-05-17 14:14:45.687 sszserver [main] INFO  o.s.scheduling.concurrent.ThreadPoolTaskExecutor - Initializing ExecutorService 'applicationTaskExecutor'
2020-05-17 14:14:46.007 sszserver [main] INFO  o.s.scheduling.concurrent.ThreadPoolTaskScheduler - Initializing ExecutorService 'taskScheduler'
2020-05-17 14:14:46.764 sszserver [main] WARN  o.s.c.l.c.BlockingLoadBalancerClientAutoConfiguration$BlockingLoadBalancerClientRibbonWarnLogger - You already have RibbonLoadBalancerClient on your classpath. It will be used by default. As Spring Cloud Ribbon is in maintenance mode. We recommend switching to BlockingLoadBalancerClient instead. In order to use it, set the value of `spring.cloud.loadbalancer.ribbon.enabled` to `false` or remove spring-cloud-starter-netflix-ribbon from your project.
2020-05-17 14:14:46.793 sszserver [main] INFO  o.s.scheduling.concurrent.ThreadPoolTaskScheduler - Initializing ExecutorService 'catalogWatchTaskScheduler'
2020-05-17 14:14:46.840 sszserver [main] INFO  s.d.s.web.plugins.DocumentationPluginsBootstrapper - Context refreshed
2020-05-17 14:14:46.856 sszserver [main] INFO  s.d.s.web.plugins.DocumentationPluginsBootstrapper - Found 1 custom documentation plugin(s)
2020-05-17 14:14:46.904 sszserver [main] INFO  s.d.spring.web.scanners.ApiListingReferenceScanner - Scanning for api listing references
2020-05-17 14:14:47.058 sszserver [main] INFO  s.d.s.w.r.operation.CachingOperationNameGenerator - Generating unique operation named: brandsUsingGET_1
2020-05-17 14:14:47.115 sszserver [main] INFO  s.d.s.w.r.operation.CachingOperationNameGenerator - Generating unique operation named: oneCarsUsingGET_1
2020-05-17 14:14:47.172 sszserver [main] INFO  s.d.s.w.r.operation.CachingOperationNameGenerator - Generating unique operation named: threeCarsUsingGET_1
2020-05-17 14:14:47.181 sszserver [main] INFO  s.d.s.w.r.operation.CachingOperationNameGenerator - Generating unique operation named: twoCarsUsingGET_1
2020-05-17 14:14:47.216 sszserver [main] INFO  s.d.s.w.r.operation.CachingOperationNameGenerator - Generating unique operation named: delUsingDELETE_1
2020-05-17 14:14:47.230 sszserver [main] INFO  s.d.s.w.r.operation.CachingOperationNameGenerator - Generating unique operation named: saveUsingPOST_1
2020-05-17 14:14:47.230 sszserver [main] INFO  s.d.s.w.r.operation.CachingOperationNameGenerator - Generating unique operation named: saveUsingPUT_1
2020-05-17 14:14:47.233 sszserver [main] INFO  s.d.s.w.r.operation.CachingOperationNameGenerator - Generating unique operation named: delUsingDELETE_2
2020-05-17 14:14:47.244 sszserver [main] INFO  s.d.s.w.r.operation.CachingOperationNameGenerator - Generating unique operation named: engineTypesUsingGET_1
2020-05-17 14:14:47.325 sszserver [main] INFO  s.d.s.w.r.operation.CachingOperationNameGenerator - Generating unique operation named: delUsingDELETE_3
2020-05-17 14:14:47.330 sszserver [main] INFO  s.d.s.w.r.operation.CachingOperationNameGenerator - Generating unique operation named: imgBasesUsingGET_1
2020-05-17 14:14:47.336 sszserver [main] INFO  s.d.s.w.r.operation.CachingOperationNameGenerator - Generating unique operation named: imgBasesUsingGET_2
2020-05-17 14:14:47.344 sszserver [main] WARN  s.d.s.w.readers.parameter.ParameterDataTypeReader - Trying to infer dataType java.util.List<com.hello.common.dto.olis.OneLevelCarType>
2020-05-17 14:14:47.346 sszserver [main] WARN  s.d.s.w.readers.parameter.ParameterDataTypeReader - Trying to infer dataType java.util.List<com.hello.common.dto.olis.ThreeLevelCarType>
2020-05-17 14:14:47.346 sszserver [main] WARN  s.d.s.w.readers.parameter.ParameterDataTypeReader - Trying to infer dataType java.util.List<com.hello.common.dto.olis.TwoLevelCarType>
2020-05-17 14:14:47.437 sszserver [main] INFO  s.d.s.w.r.operation.CachingOperationNameGenerator - Generating unique operation named: saveOneUsingPOST_1
2020-05-17 14:14:47.458 sszserver [main] INFO  s.d.s.w.r.operation.CachingOperationNameGenerator - Generating unique operation named: saveThreeUsingPOST_1
2020-05-17 14:14:47.477 sszserver [main] INFO  s.d.s.w.r.operation.CachingOperationNameGenerator - Generating unique operation named: saveTwoUsingPOST_1
2020-05-17 14:14:47.516 sszserver [main] INFO  s.d.s.w.r.operation.CachingOperationNameGenerator - Generating unique operation named: delUsingDELETE_4
2020-05-17 14:14:47.522 sszserver [main] INFO  s.d.s.w.r.operation.CachingOperationNameGenerator - Generating unique operation named: delUsingDELETE_5
2020-05-17 14:14:47.532 sszserver [main] INFO  s.d.s.w.r.operation.CachingOperationNameGenerator - Generating unique operation named: saveUsingPOST_2
2020-05-17 14:14:47.532 sszserver [main] INFO  s.d.s.w.r.operation.CachingOperationNameGenerator - Generating unique operation named: saveUsingPUT_2
2020-05-17 14:14:47.534 sszserver [main] INFO  s.d.s.w.r.operation.CachingOperationNameGenerator - Generating unique operation named: delUsingDELETE_6
2020-05-17 14:14:47.537 sszserver [main] INFO  s.d.s.w.r.operation.CachingOperationNameGenerator - Generating unique operation named: getAllRegionsUsingGET_1
2020-05-17 14:14:47.547 sszserver [main] INFO  s.d.s.w.r.operation.CachingOperationNameGenerator - Generating unique operation named: saveUsingPOST_3
2020-05-17 14:14:47.548 sszserver [main] INFO  s.d.s.w.r.operation.CachingOperationNameGenerator - Generating unique operation named: saveUsingPUT_3
2020-05-17 14:14:47.549 sszserver [main] INFO  s.d.s.w.r.operation.CachingOperationNameGenerator - Generating unique operation named: saveUsingPOST_4
2020-05-17 14:14:47.550 sszserver [main] INFO  s.d.s.w.r.operation.CachingOperationNameGenerator - Generating unique operation named: saveUsingPUT_4
2020-05-17 14:14:47.551 sszserver [main] INFO  s.d.s.w.r.operation.CachingOperationNameGenerator - Generating unique operation named: delUsingDELETE_7
2020-05-17 14:14:47.554 sszserver [main] INFO  s.d.s.w.r.operation.CachingOperationNameGenerator - Generating unique operation named: getUsingGET_1
2020-05-17 14:14:47.557 sszserver [main] INFO  s.d.s.w.r.operation.CachingOperationNameGenerator - Generating unique operation named: saveUsingPOST_5
2020-05-17 14:14:47.557 sszserver [main] INFO  s.d.s.w.r.operation.CachingOperationNameGenerator - Generating unique operation named: saveUsingPUT_5
2020-05-17 14:14:47.568 sszserver [main] INFO  s.d.s.w.r.operation.CachingOperationNameGenerator - Generating unique operation named: saveUsingPOST_6
2020-05-17 14:14:47.569 sszserver [main] INFO  s.d.s.w.r.operation.CachingOperationNameGenerator - Generating unique operation named: saveUsingPUT_6
2020-05-17 14:14:47.574 sszserver [main] INFO  s.d.s.w.r.operation.CachingOperationNameGenerator - Generating unique operation named: delUsingDELETE_8
2020-05-17 14:14:47.576 sszserver [main] INFO  s.d.s.w.r.operation.CachingOperationNameGenerator - Generating unique operation named: getUsingGET_2
2020-05-17 14:14:47.586 sszserver [main] INFO  s.d.s.w.r.operation.CachingOperationNameGenerator - Generating unique operation named: saveUsingPOST_7
2020-05-17 14:14:47.586 sszserver [main] INFO  s.d.s.w.r.operation.CachingOperationNameGenerator - Generating unique operation named: saveUsingPUT_7
2020-05-17 14:14:47.595 sszserver [main] INFO  s.d.s.w.r.operation.CachingOperationNameGenerator - Generating unique operation named: delUsingDELETE_9
2020-05-17 14:14:47.595 sszserver [main] WARN  s.d.s.w.readers.parameter.ParameterDataTypeReader - Trying to infer dataType java.util.List<java.lang.Long>
2020-05-17 14:14:47.596 sszserver [main] INFO  s.d.s.w.r.operation.CachingOperationNameGenerator - Generating unique operation named: getRegionUsingGET_1
2020-05-17 14:14:47.597 sszserver [main] INFO  s.d.s.w.r.operation.CachingOperationNameGenerator - Generating unique operation named: saveUsingPOST_8
2020-05-17 14:14:47.598 sszserver [main] INFO  s.d.s.w.r.operation.CachingOperationNameGenerator - Generating unique operation named: saveUsingPUT_8
2020-05-17 14:14:47.604 sszserver [main] INFO  s.d.s.w.r.operation.CachingOperationNameGenerator - Generating unique operation named: saveUsingPOST_9
2020-05-17 14:14:47.605 sszserver [main] INFO  s.d.s.w.r.operation.CachingOperationNameGenerator - Generating unique operation named: saveUsingPUT_9
2020-05-17 14:14:47.614 sszserver [main] INFO  s.d.s.w.r.operation.CachingOperationNameGenerator - Generating unique operation named: yearsUsingGET_1
2020-05-17 14:14:47.652 sszserver [main] INFO  o.e.j.server.handler.ContextHandler.application - Initializing Spring DispatcherServlet 'dispatcherServlet'
2020-05-17 14:14:47.653 sszserver [main] INFO  org.springframework.web.servlet.DispatcherServlet - Initializing Servlet 'dispatcherServlet'
2020-05-17 14:14:47.662 sszserver [main] INFO  org.springframework.web.servlet.DispatcherServlet - Completed initialization in 9 ms
2020-05-17 14:14:47.695 sszserver [main] INFO  org.eclipse.jetty.server.AbstractConnector - Started ServerConnector@5ed25612{HTTP/1.1, (http/1.1)}{0.0.0.0:8081}
2020-05-17 14:14:47.698 sszserver [main] INFO  o.s.boot.web.embedded.jetty.JettyWebServer - Jetty started on port(s) 8081 (http/1.1) with context path '/'
2020-05-17 14:14:47.705 sszserver [main] INFO  o.s.c.consul.serviceregistry.ConsulServiceRegistry - Registering service with consul: NewService{id='olisserver-8081', name='olis-server', tags=[secure=false], address='LAPTOP-LMRC2QMU', meta=null, port=8081, enableTagOverride=null, check=Check{script='null', interval='10s', ttl='null', http='http://LAPTOP-LMRC2QMU:8081/actuator/health', method='null', header={}, tcp='null', timeout='null', deregisterCriticalServiceAfter='null', tlsSkipVerify=null, status='null'}, checks=null}
2020-05-17 14:14:48.435 sszserver [main] INFO  com.hello.adminservice.AdminserviceApplication - Started AdminserviceApplication in 13.574 seconds (JVM running for 15.066)
2020-05-17 14:14:56.773 sszserver [boundedElastic-1] INFO  io.lettuce.core.EpollProvider - Starting without optional epoll library
2020-05-17 14:14:56.776 sszserver [boundedElastic-1] INFO  io.lettuce.core.KqueueProvider - Starting without optional kqueue library
